TN:
SF:src/app.controller.ts
FN:6,(anonymous_2)
FN:9,(anonymous_3)
FNF:2
FNH:2
FNDA:1,(anonymous_2)
FNDA:1,(anonymous_3)
DA:1,1
DA:2,1
DA:5,1
DA:6,1
DA:9,1
DA:10,1
LF:6
LH:6
BRDA:6,0,0,1
BRDA:6,0,1,0
BRDA:6,1,0,1
BRDA:6,1,1,1
BRF:4
BRH:3
end_of_record
TN:
SF:src/app.service.ts
FN:5,(anonymous_1)
FNF:1
FNH:1
FNDA:1,(anonymous_1)
DA:1,1
DA:4,1
DA:6,1
LF:3
LH:3
BRF:0
BRH:0
end_of_record
TN:
SF:src/auth/auth/auth.controller.ts
FN:40,(anonymous_4)
FN:46,(anonymous_5)
FN:60,(anonymous_6)
FN:75,(anonymous_7)
FN:91,(anonymous_8)
FN:106,(anonymous_9)
FN:113,(anonymous_10)
FN:126,(anonymous_11)
FN:133,(anonymous_12)
FN:146,(anonymous_13)
FN:153,(anonymous_14)
FN:165,(anonymous_15)
FN:177,(anonymous_16)
FN:193,(anonymous_17)
FNF:14
FNH:11
FNDA:11,(anonymous_4)
FNDA:1,(anonymous_5)
FNDA:1,(anonymous_6)
FNDA:1,(anonymous_7)
FNDA:1,(anonymous_8)
FNDA:0,(anonymous_9)
FNDA:1,(anonymous_10)
FNDA:0,(anonymous_11)
FNDA:1,(anonymous_12)
FNDA:0,(anonymous_13)
FNDA:1,(anonymous_14)
FNDA:1,(anonymous_15)
FNDA:1,(anonymous_16)
FNDA:1,(anonymous_17)
DA:1,1
DA:14,1
DA:15,1
DA:19,1
DA:20,1
DA:24,1
DA:28,1
DA:29,1
DA:31,1
DA:32,1
DA:36,1
DA:39,1
DA:41,11
DA:42,11
DA:46,1
DA:49,1
DA:51,1
DA:60,1
DA:64,1
DA:66,1
DA:75,1
DA:80,1
DA:82,1
DA:91,1
DA:94,1
DA:96,1
DA:106,1
DA:113,1
DA:116,1
DA:118,1
DA:126,1
DA:133,1
DA:136,1
DA:138,1
DA:146,1
DA:153,1
DA:156,1
DA:158,1
DA:165,1
DA:166,1
DA:168,1
DA:177,1
DA:182,1
DA:184,1
DA:193,1
DA:194,1
LF:46
LH:46
BRDA:47,0,0,1
BRDA:47,0,1,0
BRDA:47,1,0,1
BRDA:47,1,1,1
BRDA:62,2,0,1
BRDA:62,2,1,0
BRDA:62,3,0,1
BRDA:62,3,1,1
BRDA:77,4,0,1
BRDA:77,4,1,0
BRDA:77,5,0,1
BRDA:77,5,1,1
BRDA:92,6,0,1
BRDA:92,6,1,0
BRDA:92,7,0,1
BRDA:92,7,1,1
BRDA:115,8,0,1
BRDA:115,8,1,0
BRDA:115,9,0,1
BRDA:115,9,1,1
BRDA:135,10,0,1
BRDA:135,10,1,0
BRDA:135,11,0,1
BRDA:135,11,1,1
BRDA:155,12,0,1
BRDA:155,12,1,0
BRDA:155,13,0,1
BRDA:155,13,1,1
BRDA:165,14,0,1
BRDA:165,14,1,0
BRDA:165,15,0,1
BRDA:165,15,1,1
BRDA:179,16,0,1
BRDA:179,16,1,0
BRDA:179,17,0,1
BRDA:179,17,1,1
BRDA:41,18,0,1
BRDA:41,18,1,0
BRDA:41,19,0,1
BRDA:41,19,1,1
BRDA:41,20,0,1
BRDA:41,20,1,0
BRDA:41,21,0,1
BRDA:41,21,1,1
BRF:44
BRH:33
end_of_record
TN:
SF:src/auth/auth/auth.service.ts
FN:23,(anonymous_5)
FN:30,(anonymous_6)
FN:82,(anonymous_7)
FN:130,(anonymous_8)
FN:182,(anonymous_9)
FN:214,(anonymous_10)
FN:265,(anonymous_11)
FN:352,(anonymous_12)
FN:359,(anonymous_13)
FN:413,(anonymous_14)
FN:456,(anonymous_15)
FN:505,(anonymous_16)
FNF:12
FNH:12
FNDA:33,(anonymous_5)
FNDA:4,(anonymous_6)
FNDA:5,(anonymous_7)
FNDA:6,(anonymous_8)
FNDA:1,(anonymous_9)
FNDA:4,(anonymous_10)
FNDA:3,(anonymous_11)
FNDA:1,(anonymous_12)
FNDA:4,(anonymous_13)
FNDA:5,(anonymous_14)
FNDA:1,(anonymous_15)
FNDA:1,(anonymous_16)
DA:1,2
DA:7,2
DA:8,2
DA:9,2
DA:14,2
DA:15,2
DA:16,2
DA:17,2
DA:18,2
DA:22,2
DA:24,33
DA:25,33
DA:26,33
DA:27,33
DA:31,4
DA:35,4
DA:36,1
DA:37,3
DA:38,1
DA:44,2
DA:46,2
DA:73,2
DA:74,2
DA:76,1
DA:79,2
DA:83,5
DA:99,5
DA:100,1
DA:103,4
DA:104,1
DA:107,3
DA:108,1
DA:111,2
DA:112,1
DA:115,1
DA:117,1
DA:127,1
DA:134,6
DA:135,1
DA:138,5
DA:150,5
DA:151,1
DA:154,4
DA:155,1
DA:158,3
DA:159,1
DA:167,1
DA:170,2
DA:176,2
DA:177,1
DA:180,1
DA:182,1
DA:183,1
DA:191,1
DA:199,1
DA:208,1
DA:211,1
DA:215,4
DA:239,4
DA:240,1
DA:243,3
DA:244,1
DA:250,2
DA:252,2
DA:253,1
DA:256,1
DA:262,1
DA:267,3
DA:288,3
DA:290,3
DA:293,2
DA:305,2
DA:306,1
DA:320,1
DA:346,3
DA:352,1
DA:356,3
DA:360,4
DA:364,4
DA:365,1
DA:368,3
DA:369,3
DA:370,1
DA:372,2
DA:375,3
DA:377,3
DA:404,3
DA:405,3
DA:407,3
DA:410,3
DA:417,5
DA:418,1
DA:421,4
DA:433,4
DA:434,1
DA:437,3
DA:438,1
DA:441,2
DA:442,1
DA:450,1
DA:453,1
DA:455,1
DA:457,1
DA:466,1
DA:480,1
DA:489,1
DA:493,1
DA:502,1
DA:507,1
LF:109
LH:109
BRDA:35,0,0,1
BRDA:35,0,1,3
BRDA:35,1,0,4
BRDA:35,1,1,2
BRDA:37,2,0,1
BRDA:37,2,1,2
BRDA:37,3,0,3
BRDA:37,3,1,1
BRDA:99,4,0,1
BRDA:99,4,1,4
BRDA:103,5,0,1
BRDA:103,5,1,3
BRDA:107,6,0,1
BRDA:107,6,1,2
BRDA:111,7,0,1
BRDA:111,7,1,1
BRDA:134,8,0,1
BRDA:134,8,1,5
BRDA:150,9,0,1
BRDA:150,9,1,4
BRDA:154,10,0,1
BRDA:154,10,1,3
BRDA:158,11,0,1
BRDA:158,11,1,2
BRDA:176,12,0,1
BRDA:176,12,1,1
BRDA:239,13,0,1
BRDA:239,13,1,3
BRDA:243,14,0,1
BRDA:243,14,1,2
BRDA:252,15,0,1
BRDA:252,15,1,1
BRDA:290,16,0,2
BRDA:290,16,1,1
BRDA:305,17,0,1
BRDA:305,17,1,1
BRDA:334,18,0,1
BRDA:334,18,1,0
BRDA:334,18,2,0
BRDA:350,19,0,3
BRDA:350,19,1,1
BRDA:364,20,0,1
BRDA:364,20,1,3
BRDA:369,21,0,1
BRDA:369,21,1,2
BRDA:417,22,0,1
BRDA:417,22,1,4
BRDA:433,23,0,1
BRDA:433,23,1,3
BRDA:437,24,0,1
BRDA:437,24,1,2
BRDA:441,25,0,1
BRDA:441,25,1,1
BRDA:24,26,0,2
BRDA:24,26,1,0
BRDA:24,27,0,2
BRDA:24,27,1,2
BRDA:24,28,0,2
BRDA:24,28,1,0
BRDA:24,29,0,2
BRDA:24,29,1,2
BRDA:25,30,0,2
BRDA:25,30,1,0
BRDA:25,31,0,2
BRDA:25,31,1,2
BRDA:26,32,0,2
BRDA:26,32,1,0
BRDA:26,33,0,2
BRDA:26,33,1,2
BRF:69
BRH:63
end_of_record
TN:
SF:src/auth/oauth/github.oauth.ts
FN:8,(anonymous_2)
FN:17,(anonymous_3)
FNF:2
FNH:0
FNDA:0,(anonymous_2)
FNDA:0,(anonymous_3)
DA:1,0
DA:2,0
DA:3,0
DA:4,0
DA:7,0
DA:8,0
DA:9,0
DA:23,0
DA:25,0
DA:34,0
LF:10
LH:0
BRDA:10,0,0,0
BRDA:10,0,1,0
BRDA:11,1,0,0
BRDA:11,1,1,0
BRDA:8,2,0,0
BRDA:8,2,1,0
BRDA:8,3,0,0
BRDA:8,3,1,0
BRF:8
BRH:0
end_of_record
TN:
SF:src/auth/oauth/google.oauth.ts
FN:8,(anonymous_2)
FN:17,(anonymous_3)
FNF:2
FNH:0
FNDA:0,(anonymous_2)
FNDA:0,(anonymous_3)
DA:1,0
DA:2,0
DA:3,0
DA:4,0
DA:7,0
DA:8,0
DA:9,0
DA:23,0
DA:25,0
DA:35,0
LF:10
LH:0
BRDA:10,0,0,0
BRDA:10,0,1,0
BRDA:11,1,0,0
BRDA:11,1,1,0
BRDA:8,2,0,0
BRDA:8,2,1,0
BRDA:8,3,0,0
BRDA:8,3,1,0
BRF:8
BRH:0
end_of_record
TN:
SF:src/auth/oauth/microsoft.oauth.ts
FN:8,(anonymous_2)
FN:17,(anonymous_3)
FNF:2
FNH:0
FNDA:0,(anonymous_2)
FNDA:0,(anonymous_3)
DA:1,0
DA:2,0
DA:3,0
DA:4,0
DA:7,0
DA:8,0
DA:9,0
DA:23,0
DA:25,0
DA:33,0
LF:10
LH:0
BRDA:10,0,0,0
BRDA:10,0,1,0
BRDA:11,1,0,0
BRDA:11,1,1,0
BRDA:8,2,0,0
BRDA:8,2,1,0
BRDA:8,3,0,0
BRDA:8,3,1,0
BRF:8
BRH:0
end_of_record
TN:
SF:src/email/email/email.service.ts
FN:15,(anonymous_13)
FN:31,(anonymous_14)
FN:55,(anonymous_15)
FN:67,(anonymous_16)
FN:87,(anonymous_17)
FNF:5
FNH:5
FNDA:5,(anonymous_13)
FNDA:2,(anonymous_14)
FNDA:2,(anonymous_15)
FNDA:2,(anonymous_16)
FNDA:2,(anonymous_17)
DA:1,3
DA:2,3
DA:4,3
DA:5,3
DA:6,3
DA:7,3
DA:8,3
DA:9,3
DA:12,3
DA:16,5
DA:17,5
DA:19,5
DA:32,2
DA:34,2
DA:39,2
DA:46,2
DA:47,2
DA:48,1
DA:50,1
DA:51,1
DA:56,2
DA:57,2
DA:58,1
DA:59,1
DA:61,1
DA:62,1
DA:68,2
DA:69,2
DA:70,2
DA:78,2
DA:79,2
DA:81,0
DA:82,0
DA:91,2
DA:93,2
DA:94,4
DA:95,4
DA:98,2
LF:38
LH:36
BRDA:23,0,0,0
BRDA:23,0,1,5
BRDA:72,1,0,0
BRDA:72,1,1,2
BRDA:16,2,0,3
BRDA:16,2,1,0
BRDA:16,3,0,3
BRDA:16,3,1,3
BRDA:16,4,0,3
BRDA:16,4,1,0
BRDA:16,5,0,3
BRDA:16,5,1,3
BRF:12
BRH:8
end_of_record
TN:
SF:src/middleware/log/log.middleware.ts
FN:8,(anonymous_4)
FN:10,(anonymous_5)
FNF:2
FNH:2
FNDA:3,(anonymous_4)
FNDA:2,(anonymous_5)
DA:1,1
DA:3,1
DA:4,1
DA:7,1
DA:8,3
DA:11,2
DA:12,2
LF:7
LH:7
BRDA:8,0,0,1
BRDA:8,0,1,0
BRDA:8,1,0,1
BRDA:8,1,1,1
BRF:4
BRH:3
end_of_record
TN:
SF:src/model/complete-profile.model.ts
FN:15,(anonymous_1)
FNF:1
FNH:1
FNDA:4,(anonymous_1)
DA:1,2
DA:3,2
DA:9,2
DA:15,4
LF:4
LH:4
BRF:0
BRH:0
end_of_record
TN:
SF:src/model/login.model.ts
FNF:0
FNH:0
DA:1,2
DA:3,2
DA:8,2
LF:3
LH:3
BRF:0
BRH:0
end_of_record
TN:
SF:src/model/register.model.ts
FNF:0
FNH:0
DA:1,2
DA:3,2
DA:7,2
LF:3
LH:3
BRF:0
BRH:0
end_of_record
TN:
SF:src/model/request-set-password.model.ts
FNF:0
FNH:0
DA:1,2
DA:3,2
DA:7,2
LF:3
LH:3
BRF:0
BRH:0
end_of_record
TN:
SF:src/model/set-password.model.ts
FN:13,(anonymous_1)
FNF:1
FNH:1
FNDA:3,(anonymous_1)
DA:1,2
DA:3,2
DA:8,2
DA:13,3
LF:4
LH:4
BRF:0
BRH:0
end_of_record
TN:
SF:src/model/verify-otp.model.ts
FNF:0
FNH:0
DA:1,2
DA:3,2
DA:8,2
LF:3
LH:3
BRF:0
BRH:0
end_of_record
TN:
SF:src/prisma/prisma/prisma.service.ts
FN:13,(anonymous_4)
FN:21,(anonymous_5)
FN:32,(anonymous_6)
FNF:3
FNH:3
FNDA:4,(anonymous_4)
FNDA:2,(anonymous_5)
FNDA:1,(anonymous_6)
DA:1,3
DA:2,3
DA:3,3
DA:4,3
DA:5,3
DA:6,3
DA:9,3
DA:14,4
DA:16,4
DA:17,4
DA:18,4
DA:22,2
DA:23,2
DA:24,1
DA:25,1
DA:27,1
DA:28,1
DA:33,1
DA:34,1
LF:19
LH:19
BRDA:14,0,0,3
BRDA:14,0,1,0
BRDA:14,1,0,3
BRDA:14,1,1,3
BRF:4
BRH:3
end_of_record
TN:
SF:src/utils/const.utils.ts
FNF:0
FNH:0
DA:1,4
DA:3,4
DA:9,4
DA:14,4
DA:15,4
DA:16,4
DA:18,4
LF:7
LH:7
BRF:0
BRH:0
end_of_record
TN:
SF:src/utils/generate.utils.ts
FN:8,generateHashPassword
FN:12,generateOTP
FN:21,generateTempToken
FNF:3
FNH:3
FNDA:3,generateHashPassword
FNDA:52,generateOTP
FNDA:52,generateTempToken
DA:1,3
DA:2,3
DA:8,3
DA:9,3
DA:12,3
DA:13,52
DA:14,52
DA:15,52
DA:16,312
DA:18,52
DA:21,3
DA:23,52
DA:24,52
DA:25,52
DA:26,624
DA:28,52
LF:16
LH:16
BRF:0
BRH:0
end_of_record
TN:
SF:src/validation/validation.filter.ts
FN:6,(anonymous_1)
FNF:1
FNH:1
FNDA:2,(anonymous_1)
DA:1,1
DA:2,1
DA:5,1
DA:7,2
DA:8,2
DA:10,2
LF:6
LH:6
BRF:0
BRH:0
end_of_record
TN:
SF:src/validation/validation.pipe.ts
FN:6,(anonymous_2)
FN:8,(anonymous_3)
FNF:2
FNH:2
FNDA:12,(anonymous_2)
FNDA:5,(anonymous_3)
DA:1,2
DA:2,2
DA:5,2
DA:6,12
DA:9,5
LF:5
LH:5
BRDA:6,0,0,2
BRDA:6,0,1,0
BRDA:6,1,0,2
BRDA:6,1,1,2
BRF:4
BRH:3
end_of_record
TN:
SF:src/validation/validation/validation.service.ts
FN:6,(anonymous_1)
FNF:1
FNH:1
FNDA:3,(anonymous_1)
DA:1,1
DA:5,1
DA:7,3
LF:3
LH:3
BRF:0
BRH:0
end_of_record
